-------------------------------------------------------------------------------
Test set: Runner.TestNgrunner
-------------------------------------------------------------------------------
Tests run: 1, Failures: 1, Errors: 0, Skipped: 0, Time elapsed: 0.619 s <<< FAILURE! - in Runner.TestNgrunner
Runner.TestNgrunner.setUpClass  Time elapsed: 0.368 s  <<< FAILURE!
java.lang.NoClassDefFoundError: io/cucumber/core/eventbus/EventBus
Caused by: java.lang.ClassNotFoundException: io.cucumber.core.eventbus.EventBus

